<?xml version="1.0" encoding="UTF-8"?>
<testng-results ignored="0" total="2" passed="2" failed="0" skipped="0">
  <reporter-output>
  </reporter-output>
  <suite started-at="2024-09-02T14:12:57 EDT" name="FlightSearchSuite" finished-at="2024-09-02T14:13:11 EDT" duration-ms="14462">
    <groups>
    </groups>
    <test started-at="2024-09-02T14:12:57 EDT" name="FlightSearchTests" finished-at="2024-09-02T14:13:11 EDT" duration-ms="14462">
      <class name="xmlcode">
        <test-method is-config="true" signature="setUp()[pri:0, instance:xmlcode@5afa3c9]" started-at="2024-09-02T14:12:57 EDT" name="setUp" finished-at="2024-09-02T14:12:58 EDT" duration-ms="1208" status="PASS">
          <reporter-output>
          </reporter-output>
        </test-method> <!-- setUp -->
        <test-method signature="testFlightSearch()[pri:0, instance:xmlcode@5afa3c9]" started-at="2024-09-02T14:12:58 EDT" name="testFlightSearch" finished-at="2024-09-02T14:13:11 EDT" duration-ms="12977" status="PASS">
          <reporter-output>
          </reporter-output>
        </test-method> <!-- testFlightSearch -->
        <test-method is-config="true" signature="tearDown()[pri:0, instance:xmlcode@5afa3c9]" started-at="2024-09-02T14:13:11 EDT" name="tearDown" finished-at="2024-09-02T14:13:11 EDT" duration-ms="238" status="PASS">
          <reporter-output>
          </reporter-output>
        </test-method> <!-- tearDown -->
      </class> <!-- xmlcode -->
      <class name="Assrtionfile">
        <test-method is-config="true" signature="setUp()[pri:0, instance:Assrtionfile@5e2c3d18]" started-at="2024-09-02T14:12:57 EDT" name="setUp" finished-at="2024-09-02T14:13:01 EDT" duration-ms="3785" status="PASS">
          <reporter-output>
          </reporter-output>
        </test-method> <!-- setUp -->
        <test-method signature="testFlightSearch()[pri:0, instance:Assrtionfile@5e2c3d18]" started-at="2024-09-02T14:13:01 EDT" name="testFlightSearch" finished-at="2024-09-02T14:13:08 EDT" duration-ms="7521" status="PASS">
          <reporter-output>
          </reporter-output>
        </test-method> <!-- testFlightSearch -->
        <test-method is-config="true" signature="tearDown()[pri:0, instance:Assrtionfile@5e2c3d18]" started-at="2024-09-02T14:13:08 EDT" name="tearDown" finished-at="2024-09-02T14:13:08 EDT" duration-ms="195" status="PASS">
          <reporter-output>
          </reporter-output>
        </test-method> <!-- tearDown -->
      </class> <!-- Assrtionfile -->
    </test> <!-- FlightSearchTests -->
  </suite> <!-- FlightSearchSuite -->
</testng-results>
